  Source.cpp
C:\Users\jaehw\Desktop\ECE6140 Projects\PODEM\PODEM\PODEM\Source.cpp(15,13): warning C4326: return type of 'main' should be 'int' instead of 'void'
C:\Users\jaehw\Desktop\ECE6140 Projects\PODEM\PODEM\PODEM\Source.cpp(152,21): warning C4018: '<': signed/unsigned mismatch
C:\Users\jaehw\Desktop\ECE6140 Projects\PODEM\PODEM\PODEM\Source.cpp(174,20): warning C4018: '<': signed/unsigned mismatch
C:\Users\jaehw\Desktop\ECE6140 Projects\PODEM\PODEM\PODEM\Source.cpp(182,21): warning C4018: '<': signed/unsigned mismatch
C:\Users\jaehw\Desktop\ECE6140 Projects\PODEM\PODEM\PODEM\Source.cpp(183,22): warning C4018: '<': signed/unsigned mismatch
C:\Users\jaehw\Desktop\ECE6140 Projects\PODEM\PODEM\PODEM\Source.cpp(190,26): warning C4018: '<': signed/unsigned mismatch
C:\Users\jaehw\Desktop\ECE6140 Projects\PODEM\PODEM\PODEM\Source.cpp(191,27): warning C4018: '<': signed/unsigned mismatch
C:\Users\jaehw\Desktop\ECE6140 Projects\PODEM\PODEM\PODEM\Source.cpp(226,26): warning C4018: '<': signed/unsigned mismatch
C:\Users\jaehw\Desktop\ECE6140 Projects\PODEM\PODEM\PODEM\Source.cpp(227,27): warning C4018: '<': signed/unsigned mismatch
C:\Users\jaehw\Desktop\ECE6140 Projects\PODEM\PODEM\PODEM\Source.cpp(259,21): warning C4018: '<': signed/unsigned mismatch
C:\Users\jaehw\Desktop\ECE6140 Projects\PODEM\PODEM\PODEM\Source.cpp(260,22): warning C4018: '<': signed/unsigned mismatch
C:\Users\jaehw\Desktop\ECE6140 Projects\PODEM\PODEM\PODEM\Source.cpp(265,26): warning C4018: '<': signed/unsigned mismatch
C:\Users\jaehw\Desktop\ECE6140 Projects\PODEM\PODEM\PODEM\Source.cpp(266,27): warning C4018: '<': signed/unsigned mismatch
C:\Users\jaehw\Desktop\ECE6140 Projects\PODEM\PODEM\PODEM\Source.cpp(298,26): warning C4018: '<': signed/unsigned mismatch
C:\Users\jaehw\Desktop\ECE6140 Projects\PODEM\PODEM\PODEM\Source.cpp(299,27): warning C4018: '<': signed/unsigned mismatch
C:\Users\jaehw\Desktop\ECE6140 Projects\PODEM\PODEM\PODEM\Source.cpp(376,21): warning C4018: '<': signed/unsigned mismatch
C:\Users\jaehw\Desktop\ECE6140 Projects\PODEM\PODEM\PODEM\Source.cpp(390,24): warning C4305: '=': truncation from 'int' to 'bool'
C:\Users\jaehw\Desktop\ECE6140 Projects\PODEM\PODEM\PODEM\Source.cpp(439,21): warning C4018: '<': signed/unsigned mismatch
C:\Users\jaehw\Desktop\ECE6140 Projects\PODEM\PODEM\PODEM\Source.cpp(440,22): warning C4018: '<': signed/unsigned mismatch
C:\Users\jaehw\Desktop\ECE6140 Projects\PODEM\PODEM\PODEM\Source.cpp(516,27): warning C4018: '<': signed/unsigned mismatch
C:\Users\jaehw\Desktop\ECE6140 Projects\PODEM\PODEM\PODEM\Source.cpp(538,27): warning C4018: '<': signed/unsigned mismatch
C:\Users\jaehw\Desktop\ECE6140 Projects\PODEM\PODEM\PODEM\Source.cpp(559,27): warning C4018: '<': signed/unsigned mismatch
C:\Users\jaehw\Desktop\ECE6140 Projects\PODEM\PODEM\PODEM\Source.cpp(584,27): warning C4018: '<': signed/unsigned mismatch
C:\Users\jaehw\Desktop\ECE6140 Projects\PODEM\PODEM\PODEM\Source.cpp(605,27): warning C4018: '<': signed/unsigned mismatch
C:\Users\jaehw\Desktop\ECE6140 Projects\PODEM\PODEM\PODEM\Source.cpp(630,27): warning C4018: '<': signed/unsigned mismatch
C:\Users\jaehw\Desktop\ECE6140 Projects\PODEM\PODEM\PODEM\Source.cpp(653,27): warning C4018: '<': signed/unsigned mismatch
C:\Users\jaehw\Desktop\ECE6140 Projects\PODEM\PODEM\PODEM\Source.cpp(674,27): warning C4018: '<': signed/unsigned mismatch
C:\Users\jaehw\Desktop\ECE6140 Projects\PODEM\PODEM\PODEM\Source.cpp(698,27): warning C4018: '<': signed/unsigned mismatch
C:\Users\jaehw\Desktop\ECE6140 Projects\PODEM\PODEM\PODEM\Source.cpp(719,27): warning C4018: '<': signed/unsigned mismatch
C:\Users\jaehw\Desktop\ECE6140 Projects\PODEM\PODEM\PODEM\Source.cpp(740,27): warning C4018: '<': signed/unsigned mismatch
C:\Users\jaehw\Desktop\ECE6140 Projects\PODEM\PODEM\PODEM\Source.cpp(763,27): warning C4018: '<': signed/unsigned mismatch
C:\Users\jaehw\Desktop\ECE6140 Projects\PODEM\PODEM\PODEM\Source.cpp(784,27): warning C4018: '<': signed/unsigned mismatch
C:\Users\jaehw\Desktop\ECE6140 Projects\PODEM\PODEM\PODEM\Source.cpp(809,27): warning C4018: '<': signed/unsigned mismatch
C:\Users\jaehw\Desktop\ECE6140 Projects\PODEM\PODEM\PODEM\Source.cpp(831,27): warning C4018: '<': signed/unsigned mismatch
C:\Users\jaehw\Desktop\ECE6140 Projects\PODEM\PODEM\PODEM\Source.cpp(852,27): warning C4018: '<': signed/unsigned mismatch
C:\Users\jaehw\Desktop\ECE6140 Projects\PODEM\PODEM\PODEM\Source.cpp(875,27): warning C4018: '<': signed/unsigned mismatch
C:\Users\jaehw\Desktop\ECE6140 Projects\PODEM\PODEM\PODEM\Source.cpp(896,27): warning C4018: '<': signed/unsigned mismatch
C:\Users\jaehw\Desktop\ECE6140 Projects\PODEM\PODEM\PODEM\Source.cpp(921,27): warning C4018: '<': signed/unsigned mismatch
C:\Users\jaehw\Desktop\ECE6140 Projects\PODEM\PODEM\PODEM\Source.cpp(942,27): warning C4018: '<': signed/unsigned mismatch
C:\Users\jaehw\Desktop\ECE6140 Projects\PODEM\PODEM\PODEM\Source.cpp(974,26): warning C4018: '<': signed/unsigned mismatch
C:\Users\jaehw\Desktop\ECE6140 Projects\PODEM\PODEM\PODEM\Source.cpp(996,26): warning C4018: '<': signed/unsigned mismatch
C:\Users\jaehw\Desktop\ECE6140 Projects\PODEM\PODEM\PODEM\Source.cpp(1017,26): warning C4018: '<': signed/unsigned mismatch
C:\Users\jaehw\Desktop\ECE6140 Projects\PODEM\PODEM\PODEM\Source.cpp(1042,26): warning C4018: '<': signed/unsigned mismatch
C:\Users\jaehw\Desktop\ECE6140 Projects\PODEM\PODEM\PODEM\Source.cpp(1063,26): warning C4018: '<': signed/unsigned mismatch
C:\Users\jaehw\Desktop\ECE6140 Projects\PODEM\PODEM\PODEM\Source.cpp(1087,26): warning C4018: '<': signed/unsigned mismatch
C:\Users\jaehw\Desktop\ECE6140 Projects\PODEM\PODEM\PODEM\Source.cpp(1109,26): warning C4018: '<': signed/unsigned mismatch
C:\Users\jaehw\Desktop\ECE6140 Projects\PODEM\PODEM\PODEM\Source.cpp(1130,26): warning C4018: '<': signed/unsigned mismatch
C:\Users\jaehw\Desktop\ECE6140 Projects\PODEM\PODEM\PODEM\Source.cpp(1154,26): warning C4018: '<': signed/unsigned mismatch
C:\Users\jaehw\Desktop\ECE6140 Projects\PODEM\PODEM\PODEM\Source.cpp(1175,26): warning C4018: '<': signed/unsigned mismatch
C:\Users\jaehw\Desktop\ECE6140 Projects\PODEM\PODEM\PODEM\Source.cpp(1196,26): warning C4018: '<': signed/unsigned mismatch
C:\Users\jaehw\Desktop\ECE6140 Projects\PODEM\PODEM\PODEM\Source.cpp(1218,26): warning C4018: '<': signed/unsigned mismatch
C:\Users\jaehw\Desktop\ECE6140 Projects\PODEM\PODEM\PODEM\Source.cpp(1239,26): warning C4018: '<': signed/unsigned mismatch
C:\Users\jaehw\Desktop\ECE6140 Projects\PODEM\PODEM\PODEM\Source.cpp(1263,26): warning C4018: '<': signed/unsigned mismatch
C:\Users\jaehw\Desktop\ECE6140 Projects\PODEM\PODEM\PODEM\Source.cpp(1284,26): warning C4018: '<': signed/unsigned mismatch
C:\Users\jaehw\Desktop\ECE6140 Projects\PODEM\PODEM\PODEM\Source.cpp(1305,26): warning C4018: '<': signed/unsigned mismatch
C:\Users\jaehw\Desktop\ECE6140 Projects\PODEM\PODEM\PODEM\Source.cpp(1327,26): warning C4018: '<': signed/unsigned mismatch
C:\Users\jaehw\Desktop\ECE6140 Projects\PODEM\PODEM\PODEM\Source.cpp(1348,26): warning C4018: '<': signed/unsigned mismatch
C:\Users\jaehw\Desktop\ECE6140 Projects\PODEM\PODEM\PODEM\Source.cpp(1372,26): warning C4018: '<': signed/unsigned mismatch
C:\Users\jaehw\Desktop\ECE6140 Projects\PODEM\PODEM\PODEM\Source.cpp(1393,26): warning C4018: '<': signed/unsigned mismatch
C:\Users\jaehw\Desktop\ECE6140 Projects\PODEM\PODEM\PODEM\Source.cpp(1416,21): warning C4018: '<': signed/unsigned mismatch
C:\Users\jaehw\Desktop\ECE6140 Projects\PODEM\PODEM\PODEM\Source.cpp(1424,21): warning C4018: '<': signed/unsigned mismatch
C:\Users\jaehw\Desktop\ECE6140 Projects\PODEM\PODEM\PODEM\Source.cpp(1466,21): warning C4018: '<': signed/unsigned mismatch
C:\Users\jaehw\Desktop\ECE6140 Projects\PODEM\PODEM\PODEM\Source.cpp(1554,21): warning C4018: '<': signed/unsigned mismatch
C:\Users\jaehw\Desktop\ECE6140 Projects\PODEM\PODEM\PODEM\Source.cpp(1555,21): warning C4018: '<': signed/unsigned mismatch
C:\Users\jaehw\Desktop\ECE6140 Projects\PODEM\PODEM\PODEM\Source.cpp(1573,19): warning C4018: '<': signed/unsigned mismatch
C:\Users\jaehw\Desktop\ECE6140 Projects\PODEM\PODEM\PODEM\Source.cpp(1574,21): warning C4018: '<': signed/unsigned mismatch
C:\Users\jaehw\Desktop\ECE6140 Projects\PODEM\PODEM\PODEM\Source.cpp(1618,20): warning C4018: '<': signed/unsigned mismatch
C:\Users\jaehw\Desktop\ECE6140 Projects\PODEM\PODEM\PODEM\Source.cpp(1635,20): warning C4018: '<': signed/unsigned mismatch
C:\Users\jaehw\Desktop\ECE6140 Projects\PODEM\PODEM\PODEM\Source.cpp(1642,20): warning C4018: '<': signed/unsigned mismatch
C:\Users\jaehw\Desktop\ECE6140 Projects\PODEM\PODEM\PODEM\Source.cpp(1650,20): warning C4018: '<': signed/unsigned mismatch
C:\Users\jaehw\Desktop\ECE6140 Projects\PODEM\PODEM\PODEM\Source.cpp(1679,20): warning C4018: '<': signed/unsigned mismatch
C:\Users\jaehw\Desktop\ECE6140 Projects\PODEM\PODEM\PODEM\Source.cpp(1765,20): warning C4018: '<': signed/unsigned mismatch
  PODEM.vcxproj -> C:\Users\jaehw\Desktop\ECE6140 Projects\PODEM\PODEM\Debug\PODEM.exe
